D:\SOURCE\ARDRONE_CV\ARDRONE_CV\DEBUG\ARDRONE_CV.EXE.EMBED.MANIFEST
D:\SOURCE\ARDRONE_CV\ARDRONE_CV\DEBUG\ARDRONE_CV.EXE.EMBED.MANIFEST.RES
D:\SOURCE\ARDRONE_CV\ARDRONE_CV\DEBUG\ARDRONE_CV.EXE.INTERMEDIATE.MANIFEST
D:\source\ArDrone_CV\ArDrone_CV\Debug\ArDrone_CV_manifest.rc
D:\source\ArDrone_CV\ArDrone_CV\Debug\cl.command.1.tlog
D:\source\ArDrone_CV\ArDrone_CV\Debug\CL.read.1.tlog
D:\source\ArDrone_CV\ArDrone_CV\Debug\CL.write.1.tlog
D:\source\ArDrone_CV\ArDrone_CV\Debug\link.6080.read.1.tlog
D:\source\ArDrone_CV\ArDrone_CV\Debug\link.6080.write.1.tlog
D:\source\ArDrone_CV\ArDrone_CV\Debug\link.6080-cvtres.read.1.tlog
D:\source\ArDrone_CV\ArDrone_CV\Debug\link.6080-cvtres.write.1.tlog
D:\source\ArDrone_CV\ArDrone_CV\Debug\link.command.1.tlog
D:\source\ArDrone_CV\ArDrone_CV\Debug\link.read.1.tlog
D:\source\ArDrone_CV\ArDrone_CV\Debug\link.write.1.tlog
D:\source\ArDrone_CV\ArDrone_CV\Debug\link-cvtres.read.1.tlog
D:\source\ArDrone_CV\ArDrone_CV\Debug\link-cvtres.write.1.tlog
D:\source\ArDrone_CV\ArDrone_CV\Debug\mt.command.1.tlog
D:\source\ArDrone_CV\ArDrone_CV\Debug\mt.read.1.tlog
D:\source\ArDrone_CV\ArDrone_CV\Debug\mt.write.1.tlog
D:\SOURCE\ARDRONE_CV\ARDRONE_CV\DEBUG\R_AND_CALCULATE.OBJ
D:\source\ArDrone_CV\ArDrone_CV\Debug\rc.command.1.tlog
D:\source\ArDrone_CV\ArDrone_CV\Debug\rc.read.1.tlog
D:\source\ArDrone_CV\ArDrone_CV\Debug\rc.write.1.tlog
D:\source\ArDrone_CV\ArDrone_CV\Debug\vc100.idb
D:\SOURCE\ARDRONE_CV\ARDRONE_CV\DEBUG\VC100.PDB
D:\SOURCE\ARDRONE_CV\DEBUG\ARDRONE_CV.EXE
D:\SOURCE\ARDRONE_CV\DEBUG\ARDRONE_CV.ILK
D:\SOURCE\ARDRONE_CV\DEBUG\ARDRONE_CV.PDB
