Build started 2012/1/12 17:52:00.
     1>Project "D:\source\ArDrone_CV\ArDrone_CV\ArDrone_CV.vcxproj" on node 2 (build target(s)).
     1>InitializeBuildStatus:
         Creating "Debug\ArDrone_CV.unsuccessfulbuild" because "AlwaysCreate" was specified.
       ClCompile:
         c:\Program Files (x86)\Microsoft Visual Studio 10.0\VC\bin\CL.exe /c /ZI /nologo /W3 /WX- /Od /Oy- /D WIN32 /D _DEBUG /D _CONSOLE /D _UNICODE /D UNICODE /Gm /EHsc /RTC1 /MDd /GS /fp:precise /Zc:wchar_t /Zc:forScope /Fo"Debug\\" /Fd"Debug\vc100.pdb" /Gd /TP /analyze- /errorReport:prompt r_and_calculate.cpp
         r_and_calculate.cpp
     1>d:\source\ardrone_cv\ardrone_cv\r_and_calculate.cpp(286): warning C4244: '+=' : conversion from 'double' to 'int', possible loss of data
     1>d:\source\ardrone_cv\ardrone_cv\r_and_calculate.cpp(311): warning C4244: 'argument' : conversion from 'double' to 'int', possible loss of data
     1>d:\source\ardrone_cv\ardrone_cv\r_and_calculate.cpp(311): warning C4244: 'argument' : conversion from 'double' to 'int', possible loss of data
     1>d:\source\ardrone_cv\ardrone_cv\r_and_calculate.cpp(394): warning C4996: 'sprintf': This function or variable may be unsafe. Consider using sprintf_s instead. To disable deprecation, use _CRT_SECURE_NO_WARNINGS. See online help for details.
                 c:\program files (x86)\microsoft visual studio 10.0\vc\include\stdio.h(371) : see declaration of 'sprintf'
     1>d:\source\ardrone_cv\ardrone_cv\r_and_calculate.cpp(372): warning C4101: 'tmprecvbuf' : unreferenced local variable
       ManifestResourceCompile:
         C:\Program Files (x86)\Microsoft SDKs\Windows\v7.0A\bin\rc.exe /nologo /fo"Debug\ArDrone_CV.exe.embed.manifest.res" Debug\ArDrone_CV_manifest.rc 
       Link:
         c:\Program Files (x86)\Microsoft Visual Studio 10.0\VC\bin\link.exe /ERRORREPORT:PROMPT /OUT:"D:\source\ArDrone_CV\Debug\ArDrone_CV.exe" /INCREMENTAL /NOLOGO opencv_core231d.lib opencv_highgui231d.lib opencv_imgproc231d.lib opencv_objdetect231d.lib kernel32.lib user32.lib gdi32.lib winspool.lib comdlg32.lib advapi32.lib shell32.lib ole32.lib oleaut32.lib uuid.lib odbc32.lib odbccp32.lib /MANIFEST /ManifestFile:"Debug\ArDrone_CV.exe.intermediate.manifest" /MANIFESTUAC:"level='asInvoker' uiAccess='false'" /DEBUG /PDB:"D:\source\ArDrone_CV\Debug\ArDrone_CV.pdb" /SUBSYSTEM:CONSOLE /TLBID:1 /DYNAMICBASE /NXCOMPAT /IMPLIB:"D:\source\ArDrone_CV\Debug\ArDrone_CV.lib" /MACHINE:X86 Debug\ArDrone_CV.exe.embed.manifest.res
         Debug\r_and_calculate.obj
       Manifest:
         C:\Program Files (x86)\Microsoft SDKs\Windows\v7.0A\bin\mt.exe /nologo /verbose /out:"Debug\ArDrone_CV.exe.embed.manifest" /manifest Debug\ArDrone_CV.exe.intermediate.manifest
         All outputs are up-to-date.
       LinkEmbedManifest:
         All outputs are up-to-date.
         ArDrone_CV.vcxproj -> D:\source\ArDrone_CV\Debug\ArDrone_CV.exe
       FinalizeBuildStatus:
         Deleting file "Debug\ArDrone_CV.unsuccessfulbuild".
         Touching "Debug\ArDrone_CV.lastbuildstate".
     1>Done Building Project "D:\source\ArDrone_CV\ArDrone_CV\ArDrone_CV.vcxproj" (build target(s)).

Build succeeded.

Time Elapsed 00:00:09.89
