Build started 2012/1/12 18:44:01.
     1>Project "D:\source\Parrot\Examples\Win32\VCProjects\ARDrone\Win32Client\Win32Client.vcxproj" on node 3 (build target(s)).
     1>InitializeBuildStatus:
         Creating "Debug\Win32Client.unsuccessfulbuild" because "AlwaysCreate" was specified.
       ClCompile:
         c:\Program Files (x86)\Microsoft Visual Studio 10.0\VC\bin\CL.exe /c /ID:\source\Parrot\Examples\Win32\VCProjects\ARDrone\\Microsoft_DXUT\optional /ID:\source\Parrot\Examples\Win32\VCProjects\ARDrone\\Microsoft_DXUT\core /ID:\source\Parrot\Examples\Win32\VCProjects\ARDrone\ /ID:\source\Parrot\Examples\Win32\sdk_demo\Sources /ID:\source\Parrot\ARDroneLib\VP_SDK\VP_Com\win32 /ID:\source\Parrot\ARDroneLib\VP_SDK\VP_Os\win32 /ID:\source\Parrot\ARDroneLib\Soft\Lib /ID:\source\Parrot\ARDroneLib\Soft\Common /ID:\source\Parrot\ARDroneLib /ID:\source\Parrot\ARDroneLib\VLIB /ID:\source\Parrot\Examples\Win32\VCProjects\ARDrone\Win32Client\ /ID:\source\Parrot\ARDroneLib\VP_SDK /ZI /nologo /W3 /WX- /Od /Oy- /D WIN32 /D _DEBUG /D _CONSOLE /D _UNICODE /D UNICODE /Gm /EHsc /RTC1 /MDd /GS /fp:precise /Zc:wchar_t /Zc:forScope /Fo"Debug\\" /Fd"Debug\vc100.pdb" /Gd /TC /analyze- /errorReport:prompt ..\..\..\sdk_demo\Sources\ardrone_tool_win32.c ..\..\..\sdk_demo\Sources\socket.c D:\source\Parrot\Examples\Win32\sdk_demo\Sources\Navdata\navdata.c D:\source\Parrot\Examples\Win32\sdk_demo\Sources\Video\video_stage.c
         video_stage.c
     1>d:\source\parrot\examples\win32\sdk_demo\sources\video\video_stage.c(127): warning C4995: 'sprintf': name was marked as #pragma deprecated
         navdata.c
         socket.c
         ardrone_tool_win32.c
         c:\program files (x86)\microsoft directx sdk (june 2010)\include\dinput.h: DIRECTINPUT_VERSION undefined. Defaulting to version 0x0800
     1>d:\source\parrot\examples\win32\sdk_demo\sources\ardrone_tool_win32.c(562): warning C4013: '_Socket_ImageSender' undefined; assuming extern returning int
     1>d:\source\parrot\examples\win32\sdk_demo\sources\ardrone_tool_win32.c(628): warning C4047: 'function' : 'DWORD' differs in levels of indirection from 'void *'
     1>d:\source\parrot\examples\win32\sdk_demo\sources\ardrone_tool_win32.c(628): warning C4024: 'CreateThread' : different types for formal and actual parameter 5
     1>d:\source\parrot\examples\win32\sdk_demo\sources\ardrone_tool_win32.c(629): warning C4047: 'function' : 'DWORD' differs in levels of indirection from 'void *'
     1>d:\source\parrot\examples\win32\sdk_demo\sources\ardrone_tool_win32.c(629): warning C4024: 'CreateThread' : different types for formal and actual parameter 5
     1>d:\source\parrot\examples\win32\sdk_demo\sources\ardrone_tool_win32.c(621): warning C4101: 'ipClient' : unreferenced local variable
         Generating Code...
     1>d:\source\parrot\examples\win32\sdk_demo\sources\ardrone_tool_win32.c(647): warning C4715: '_Socket_ProcessThread' : not all control paths return a value
         c:\Program Files (x86)\Microsoft Visual Studio 10.0\VC\bin\CL.exe /c /ID:\source\Parrot\Examples\Win32\VCProjects\ARDrone\\Microsoft_DXUT\optional /ID:\source\Parrot\Examples\Win32\VCProjects\ARDrone\\Microsoft_DXUT\core /ID:\source\Parrot\Examples\Win32\VCProjects\ARDrone\ /ID:\source\Parrot\Examples\Win32\sdk_demo\Sources /ID:\source\Parrot\ARDroneLib\VP_SDK\VP_Com\win32 /ID:\source\Parrot\ARDroneLib\VP_SDK\VP_Os\win32 /ID:\source\Parrot\ARDroneLib\Soft\Lib /ID:\source\Parrot\ARDroneLib\Soft\Common /ID:\source\Parrot\ARDroneLib /ID:\source\Parrot\ARDroneLib\VLIB /ID:\source\Parrot\Examples\Win32\VCProjects\ARDrone\Win32Client\ /ID:\source\Parrot\ARDroneLib\VP_SDK /ZI /nologo /W3 /WX- /Od /Oy- /D WIN32 /D _DEBUG /D _CONSOLE /D _UNICODE /D UNICODE /Gm /EHsc /RTC1 /MDd /GS /fp:precise /Zc:wchar_t /Zc:forScope /Fo"Debug\\" /Fd"Debug\vc100.pdb" /Gd /TP /analyze- /errorReport:prompt D:\source\Parrot\Examples\Win32\sdk_demo\Sources\UI\gamepad.cpp
         Skipping... (no relevant changes detected)
         gamepad.cpp
       ManifestResourceCompile:
         C:\Program Files (x86)\Microsoft SDKs\Windows\v7.0A\bin\rc.exe /nologo /fo"Debug\Win32Client.exe.embed.manifest.res" Debug\Win32Client_manifest.rc 
       Link:
         c:\Program Files (x86)\Microsoft Visual Studio 10.0\VC\bin\link.exe /ERRORREPORT:PROMPT /OUT:"D:\source\Parrot\Examples\Win32\VCProjects\ARDrone\Debug\Win32Client.exe" /INCREMENTAL /NOLOGO /LIBPATH:D:\source\Parrot\Examples\Win32\VCProjects\ARDrone\\debug ws2_32.lib ArDroneAPI.lib dinput8.lib dxguid.lib comctl32.lib d3dx9d.lib dxerr.lib winmm.lib d3d9.lib opencv_core220d.lib opencv_highgui220d.lib opencv_ffmpeg220d.lib kernel32.lib user32.lib gdi32.lib winspool.lib comdlg32.lib advapi32.lib shell32.lib ole32.lib oleaut32.lib uuid.lib odbc32.lib odbccp32.lib /MANIFEST /ManifestFile:"Debug\Win32Client.exe.intermediate.manifest" /MANIFESTUAC:"level='asInvoker' uiAccess='false'" /DEBUG /PDB:"D:\source\Parrot\Examples\Win32\VCProjects\ARDrone\Debug\Win32Client.pdb" /SUBSYSTEM:CONSOLE /TLBID:1 /DYNAMICBASE /NXCOMPAT /IMPLIB:"D:\source\Parrot\Examples\Win32\VCProjects\ARDrone\Debug\Win32Client.lib" /MACHINE:X86 Debug\Win32Client.exe.embed.manifest.res
         Debug\ardrone_tool_win32.obj
         Debug\custom_code.obj
         Debug\directx_rendering.obj
         Debug\gamepad.obj
         Debug\navdata.obj
         Debug\video_stage.obj
         Debug\socket.obj
         D:\source\Parrot\Examples\Win32\VCProjects\ARDrone\Debug\ArDroneAPI.lib
       Manifest:
         C:\Program Files (x86)\Microsoft SDKs\Windows\v7.0A\bin\mt.exe /nologo /verbose /out:"Debug\Win32Client.exe.embed.manifest" /manifest Debug\Win32Client.exe.intermediate.manifest
         All outputs are up-to-date.
       LinkEmbedManifest:
         All outputs are up-to-date.
         Win32Client.vcxproj -> D:\source\Parrot\Examples\Win32\VCProjects\ARDrone\Debug\Win32Client.exe
       FinalizeBuildStatus:
         Deleting file "Debug\Win32Client.unsuccessfulbuild".
         Touching "Debug\Win32Client.lastbuildstate".
     1>Done Building Project "D:\source\Parrot\Examples\Win32\VCProjects\ARDrone\Win32Client\Win32Client.vcxproj" (build target(s)).

Build succeeded.

Time Elapsed 00:00:04.98
