Build started 2012/1/12 18:44:15.
     1>Project "D:\source\ArDrone_Kinect\ArDrone_Kinect\ArDrone_Kinect.vcxproj" on node 2 (build target(s)).
     1>InitializeBuildStatus:
         Creating "Debug\ArDrone_Kinect.unsuccessfulbuild" because "AlwaysCreate" was specified.
       ClCompile:
         c:\Program Files (x86)\Microsoft Visual Studio 10.0\VC\bin\CL.exe /c /ZI /nologo /W3 /WX- /Od /Oy- /D WIN32 /D _DEBUG /D _CONSOLE /D _UNICODE /D UNICODE /Gm /EHsc /RTC1 /MDd /GS /fp:precise /Zc:wchar_t /Zc:forScope /Fo"Debug\\" /Fd"Debug\vc100.pdb" /Gd /TP /analyze- /errorReport:prompt kinect.cpp
         Skipping... (no relevant changes detected)
         kinect.cpp
       ManifestResourceCompile:
         C:\Program Files (x86)\Microsoft SDKs\Windows\v7.0A\bin\rc.exe /nologo /fo"Debug\ArDrone_Kinect.exe.embed.manifest.res" Debug\ArDrone_Kinect_manifest.rc 
       Link:
         c:\Program Files (x86)\Microsoft Visual Studio 10.0\VC\bin\link.exe /ERRORREPORT:PROMPT /OUT:"D:\source\ArDrone_Kinect\Debug\ArDrone_Kinect.exe" /INCREMENTAL /NOLOGO opencv_core231d.lib opencv_highgui231d.lib MSRKinectNUI.lib kernel32.lib user32.lib gdi32.lib winspool.lib comdlg32.lib advapi32.lib shell32.lib ole32.lib oleaut32.lib uuid.lib odbc32.lib odbccp32.lib /MANIFEST /ManifestFile:"Debug\ArDrone_Kinect.exe.intermediate.manifest" /MANIFESTUAC:"level='asInvoker' uiAccess='false'" /DEBUG /PDB:"D:\source\ArDrone_Kinect\Debug\ArDrone_Kinect.pdb" /SUBSYSTEM:CONSOLE /TLBID:1 /DYNAMICBASE /NXCOMPAT /IMPLIB:"D:\source\ArDrone_Kinect\Debug\ArDrone_Kinect.lib" /MACHINE:X86 Debug\ArDrone_Kinect.exe.embed.manifest.res
         Debug\kinect.obj
       Manifest:
         C:\Program Files (x86)\Microsoft SDKs\Windows\v7.0A\bin\mt.exe /nologo /verbose /out:"Debug\ArDrone_Kinect.exe.embed.manifest" /manifest Debug\ArDrone_Kinect.exe.intermediate.manifest
         All outputs are up-to-date.
       LinkEmbedManifest:
         All outputs are up-to-date.
         ArDrone_Kinect.vcxproj -> D:\source\ArDrone_Kinect\Debug\ArDrone_Kinect.exe
       FinalizeBuildStatus:
         Deleting file "Debug\ArDrone_Kinect.unsuccessfulbuild".
         Touching "Debug\ArDrone_Kinect.lastbuildstate".
     1>Done Building Project "D:\source\ArDrone_Kinect\ArDrone_Kinect\ArDrone_Kinect.vcxproj" (build target(s)).

Build succeeded.

Time Elapsed 00:00:00.93
