D:\SOURCE\PARROT\EXAMPLES\WIN32\VCPROJECTS\ARDRONE\ARDRONEAPI\DEBUG\ARDRONE_API.OBJ
D:\SOURCE\PARROT\EXAMPLES\WIN32\VCPROJECTS\ARDRONE\ARDRONEAPI\DEBUG\ARDRONE_AT_MUTEX.OBJ
D:\SOURCE\PARROT\EXAMPLES\WIN32\VCPROJECTS\ARDRONE\ARDRONEAPI\DEBUG\ARDRONE_CONTROL.OBJ
D:\SOURCE\PARROT\EXAMPLES\WIN32\VCPROJECTS\ARDRONE\ARDRONEAPI\DEBUG\ARDRONE_CONTROL_ACK.OBJ
D:\SOURCE\PARROT\EXAMPLES\WIN32\VCPROJECTS\ARDRONE\ARDRONEAPI\DEBUG\ARDRONE_CONTROL_CONFIGURATION.OBJ
D:\SOURCE\PARROT\EXAMPLES\WIN32\VCPROJECTS\ARDRONE\ARDRONEAPI\DEBUG\ARDRONE_CONTROL_SOFT_UPDATE.OBJ
D:\SOURCE\PARROT\EXAMPLES\WIN32\VCPROJECTS\ARDRONE\ARDRONEAPI\DEBUG\ARDRONE_INPUT.OBJ
D:\SOURCE\PARROT\EXAMPLES\WIN32\VCPROJECTS\ARDRONE\ARDRONEAPI\DEBUG\ARDRONE_NAVDATA_CLIENT.OBJ
D:\SOURCE\PARROT\EXAMPLES\WIN32\VCPROJECTS\ARDRONE\ARDRONEAPI\DEBUG\ARDRONE_NAVDATA_CONTROL.OBJ
D:\SOURCE\PARROT\EXAMPLES\WIN32\VCPROJECTS\ARDRONE\ARDRONEAPI\DEBUG\ARDRONE_NAVDATA_FILE.OBJ
D:\SOURCE\PARROT\EXAMPLES\WIN32\VCPROJECTS\ARDRONE\ARDRONEAPI\DEBUG\ARDRONE_TIME.OBJ
D:\SOURCE\PARROT\EXAMPLES\WIN32\VCPROJECTS\ARDRONE\ARDRONEAPI\DEBUG\ARDRONE_TOOL_CONFIGURATION.OBJ
D:\SOURCE\PARROT\EXAMPLES\WIN32\VCPROJECTS\ARDRONE\ARDRONEAPI\DEBUG\ARDRONE_TOOL_UI.OBJ
D:\SOURCE\PARROT\EXAMPLES\WIN32\VCPROJECTS\ARDRONE\ARDRONEAPI\DEBUG\ATCODEC.OBJ
D:\SOURCE\PARROT\EXAMPLES\WIN32\VCPROJECTS\ARDRONE\ARDRONEAPI\DEBUG\ATCODEC_API.OBJ
D:\SOURCE\PARROT\EXAMPLES\WIN32\VCPROJECTS\ARDRONE\ARDRONEAPI\DEBUG\ATCODEC_BUFFER.OBJ
D:\SOURCE\PARROT\EXAMPLES\WIN32\VCPROJECTS\ARDRONE\ARDRONEAPI\DEBUG\ATCODEC_MEMORY.OBJ
D:\SOURCE\PARROT\EXAMPLES\WIN32\VCPROJECTS\ARDRONE\ARDRONEAPI\DEBUG\ATCODEC_SORTED_LIST.OBJ
D:\SOURCE\PARROT\EXAMPLES\WIN32\VCPROJECTS\ARDRONE\ARDRONEAPI\DEBUG\ATCODEC_TREE.OBJ
D:\SOURCE\PARROT\EXAMPLES\WIN32\VCPROJECTS\ARDRONE\ARDRONEAPI\DEBUG\BUFFER_TO_PICTURE_STAGE.OBJ
D:\source\Parrot\Examples\Win32\VCProjects\ARDrone\ArDroneAPI\Debug\cl.command.1.tlog
D:\source\Parrot\Examples\Win32\VCProjects\ARDrone\ArDroneAPI\Debug\CL.read.1.tlog
D:\source\Parrot\Examples\Win32\VCProjects\ARDrone\ArDroneAPI\Debug\CL.write.1.tlog
D:\SOURCE\PARROT\EXAMPLES\WIN32\VCPROJECTS\ARDRONE\ARDRONEAPI\DEBUG\CONFIG_KEYS.OBJ
D:\SOURCE\PARROT\EXAMPLES\WIN32\VCPROJECTS\ARDRONE\ARDRONEAPI\DEBUG\CONFIG_SERIAL.OBJ
D:\SOURCE\PARROT\EXAMPLES\WIN32\VCPROJECTS\ARDRONE\ARDRONEAPI\DEBUG\CONFIG_WIFI.OBJ
D:\SOURCE\PARROT\EXAMPLES\WIN32\VCPROJECTS\ARDRONE\ARDRONEAPI\DEBUG\DICTIONARY.OBJ
D:\SOURCE\PARROT\EXAMPLES\WIN32\VCPROJECTS\ARDRONE\ARDRONEAPI\DEBUG\FILTER.OBJ
D:\SOURCE\PARROT\EXAMPLES\WIN32\VCPROJECTS\ARDRONE\ARDRONEAPI\DEBUG\INIPARSER.OBJ
D:\source\Parrot\Examples\Win32\VCProjects\ARDrone\ArDroneAPI\Debug\lib.command.1.tlog
D:\source\Parrot\Examples\Win32\VCProjects\ARDrone\ArDroneAPI\Debug\Lib.read.1.tlog
D:\source\Parrot\Examples\Win32\VCProjects\ARDrone\ArDroneAPI\Debug\Lib.write.1.tlog
D:\source\Parrot\Examples\Win32\VCProjects\ARDrone\ArDroneAPI\Debug\Lib-link.read.1.tlog
D:\source\Parrot\Examples\Win32\VCProjects\ARDrone\ArDroneAPI\Debug\Lib-link.write.1.tlog
D:\SOURCE\PARROT\EXAMPLES\WIN32\VCPROJECTS\ARDRONE\ARDRONEAPI\DEBUG\MATHS.OBJ
D:\SOURCE\PARROT\EXAMPLES\WIN32\VCPROJECTS\ARDRONE\ARDRONEAPI\DEBUG\MATRICES.OBJ
D:\SOURCE\PARROT\EXAMPLES\WIN32\VCPROJECTS\ARDRONE\ARDRONEAPI\DEBUG\MATRIX3D.OBJ
D:\SOURCE\PARROT\EXAMPLES\WIN32\VCPROJECTS\ARDRONE\ARDRONEAPI\DEBUG\NAVDATA.OBJ
D:\SOURCE\PARROT\EXAMPLES\WIN32\VCPROJECTS\ARDRONE\ARDRONEAPI\DEBUG\P263_CODEC.OBJ
D:\SOURCE\PARROT\EXAMPLES\WIN32\VCPROJECTS\ARDRONE\ARDRONEAPI\DEBUG\P263_GOB_LAYER.OBJ
D:\SOURCE\PARROT\EXAMPLES\WIN32\VCPROJECTS\ARDRONE\ARDRONEAPI\DEBUG\P263_HUFFMAN.OBJ
D:\SOURCE\PARROT\EXAMPLES\WIN32\VCPROJECTS\ARDRONE\ARDRONEAPI\DEBUG\P263_MB_LAYER.OBJ
D:\SOURCE\PARROT\EXAMPLES\WIN32\VCPROJECTS\ARDRONE\ARDRONEAPI\DEBUG\P263_PICTURE_LAYER.OBJ
D:\SOURCE\PARROT\EXAMPLES\WIN32\VCPROJECTS\ARDRONE\ARDRONEAPI\DEBUG\TIME.OBJ
D:\SOURCE\PARROT\EXAMPLES\WIN32\VCPROJECTS\ARDRONE\ARDRONEAPI\DEBUG\UVLC.OBJ
D:\SOURCE\PARROT\EXAMPLES\WIN32\VCPROJECTS\ARDRONE\ARDRONEAPI\DEBUG\UVLC_CODEC.OBJ
D:\SOURCE\PARROT\EXAMPLES\WIN32\VCPROJECTS\ARDRONE\ARDRONEAPI\DEBUG\UVLC_GOB_LAYER.OBJ
D:\SOURCE\PARROT\EXAMPLES\WIN32\VCPROJECTS\ARDRONE\ARDRONEAPI\DEBUG\UVLC_MB_LAYER.OBJ
D:\SOURCE\PARROT\EXAMPLES\WIN32\VCPROJECTS\ARDRONE\ARDRONEAPI\DEBUG\UVLC_PICTURE_LAYER.OBJ
D:\source\Parrot\Examples\Win32\VCProjects\ARDrone\ArDroneAPI\Debug\vc100.idb
D:\SOURCE\PARROT\EXAMPLES\WIN32\VCPROJECTS\ARDRONE\ARDRONEAPI\DEBUG\VC100.PDB
D:\SOURCE\PARROT\EXAMPLES\WIN32\VCPROJECTS\ARDRONE\ARDRONEAPI\DEBUG\VIDEO_CODEC.OBJ
D:\SOURCE\PARROT\EXAMPLES\WIN32\VCPROJECTS\ARDRONE\ARDRONEAPI\DEBUG\VIDEO_COM_STAGE.OBJ
D:\SOURCE\PARROT\EXAMPLES\WIN32\VCPROJECTS\ARDRONE\ARDRONEAPI\DEBUG\VIDEO_CONTROLLER.OBJ
D:\SOURCE\PARROT\EXAMPLES\WIN32\VCPROJECTS\ARDRONE\ARDRONEAPI\DEBUG\VIDEO_DCT.OBJ
D:\SOURCE\PARROT\EXAMPLES\WIN32\VCPROJECTS\ARDRONE\ARDRONEAPI\DEBUG\VIDEO_HUFFMAN.OBJ
D:\SOURCE\PARROT\EXAMPLES\WIN32\VCPROJECTS\ARDRONE\ARDRONEAPI\DEBUG\VIDEO_MACROBLOCK.OBJ
D:\SOURCE\PARROT\EXAMPLES\WIN32\VCPROJECTS\ARDRONE\ARDRONEAPI\DEBUG\VIDEO_MEM32.OBJ
D:\SOURCE\PARROT\EXAMPLES\WIN32\VCPROJECTS\ARDRONE\ARDRONEAPI\DEBUG\VIDEO_PACKETIZER.OBJ
D:\SOURCE\PARROT\EXAMPLES\WIN32\VCPROJECTS\ARDRONE\ARDRONEAPI\DEBUG\VIDEO_PICTURE.OBJ
D:\SOURCE\PARROT\EXAMPLES\WIN32\VCPROJECTS\ARDRONE\ARDRONEAPI\DEBUG\VIDEO_QUANTIZER.OBJ
D:\SOURCE\PARROT\EXAMPLES\WIN32\VCPROJECTS\ARDRONE\ARDRONEAPI\DEBUG\VIDEO_STAGE_RECORDER.OBJ
D:\SOURCE\PARROT\EXAMPLES\WIN32\VCPROJECTS\ARDRONE\ARDRONEAPI\DEBUG\VIDEO_UTILS.OBJ
D:\SOURCE\PARROT\EXAMPLES\WIN32\VCPROJECTS\ARDRONE\ARDRONEAPI\DEBUG\VISION_MATH.OBJ
D:\SOURCE\PARROT\EXAMPLES\WIN32\VCPROJECTS\ARDRONE\ARDRONEAPI\DEBUG\VLIB_STAGE_DECODE.OBJ
D:\SOURCE\PARROT\EXAMPLES\WIN32\VCPROJECTS\ARDRONE\ARDRONEAPI\DEBUG\VLIB_STAGE_ENCODE.OBJ
D:\SOURCE\PARROT\EXAMPLES\WIN32\VCPROJECTS\ARDRONE\ARDRONEAPI\DEBUG\VP_API.OBJ
D:\SOURCE\PARROT\EXAMPLES\WIN32\VCPROJECTS\ARDRONE\ARDRONEAPI\DEBUG\VP_API_ERROR.OBJ
D:\SOURCE\PARROT\EXAMPLES\WIN32\VCPROJECTS\ARDRONE\ARDRONEAPI\DEBUG\VP_API_IO_MULTI_STAGE.OBJ
D:\SOURCE\PARROT\EXAMPLES\WIN32\VCPROJECTS\ARDRONE\ARDRONEAPI\DEBUG\VP_API_STAGE.OBJ
D:\SOURCE\PARROT\EXAMPLES\WIN32\VCPROJECTS\ARDRONE\ARDRONEAPI\DEBUG\VP_API_SUPERVISOR.OBJ
D:\SOURCE\PARROT\EXAMPLES\WIN32\VCPROJECTS\ARDRONE\ARDRONEAPI\DEBUG\VP_API_THREAD_HELPER.OBJ
D:\SOURCE\PARROT\EXAMPLES\WIN32\VCPROJECTS\ARDRONE\ARDRONEAPI\DEBUG\VP_COM.OBJ
D:\SOURCE\PARROT\EXAMPLES\WIN32\VCPROJECTS\ARDRONE\ARDRONEAPI\DEBUG\VP_COM_CONFIG_ITF.OBJ
D:\SOURCE\PARROT\EXAMPLES\WIN32\VCPROJECTS\ARDRONE\ARDRONEAPI\DEBUG\VP_COM_ERROR.OBJ
D:\SOURCE\PARROT\EXAMPLES\WIN32\VCPROJECTS\ARDRONE\ARDRONEAPI\DEBUG\VP_COM_SOCKET.OBJ
D:\SOURCE\PARROT\EXAMPLES\WIN32\VCPROJECTS\ARDRONE\ARDRONEAPI\DEBUG\VP_COM_SOCKET_UTILS.OBJ
D:\SOURCE\PARROT\EXAMPLES\WIN32\VCPROJECTS\ARDRONE\ARDRONEAPI\DEBUG\VP_COM_WIFI.OBJ
D:\SOURCE\PARROT\EXAMPLES\WIN32\VCPROJECTS\ARDRONE\ARDRONEAPI\DEBUG\VP_OS_DELAY.OBJ
D:\SOURCE\PARROT\EXAMPLES\WIN32\VCPROJECTS\ARDRONE\ARDRONEAPI\DEBUG\VP_OS_ERROR_HANDLING.OBJ
D:\SOURCE\PARROT\EXAMPLES\WIN32\VCPROJECTS\ARDRONE\ARDRONEAPI\DEBUG\VP_OS_MALLOC.OBJ
D:\SOURCE\PARROT\EXAMPLES\WIN32\VCPROJECTS\ARDRONE\ARDRONEAPI\DEBUG\VP_OS_SIGNAL.OBJ
D:\SOURCE\PARROT\EXAMPLES\WIN32\VCPROJECTS\ARDRONE\ARDRONEAPI\DEBUG\VP_OS_THREAD.OBJ
D:\SOURCE\PARROT\EXAMPLES\WIN32\VCPROJECTS\ARDRONE\ARDRONEAPI\DEBUG\VP_STAGES_BUFFER_TO_PICTURE.OBJ
D:\SOURCE\PARROT\EXAMPLES\WIN32\VCPROJECTS\ARDRONE\ARDRONEAPI\DEBUG\VP_STAGES_CONFIGS.OBJ
D:\SOURCE\PARROT\EXAMPLES\WIN32\VCPROJECTS\ARDRONE\ARDRONEAPI\DEBUG\VP_STAGES_FRAME_PIPE.OBJ
D:\SOURCE\PARROT\EXAMPLES\WIN32\VCPROJECTS\ARDRONE\ARDRONEAPI\DEBUG\VP_STAGES_IO_BUFFER.OBJ
D:\SOURCE\PARROT\EXAMPLES\WIN32\VCPROJECTS\ARDRONE\ARDRONEAPI\DEBUG\VP_STAGES_IO_COM.OBJ
D:\SOURCE\PARROT\EXAMPLES\WIN32\VCPROJECTS\ARDRONE\ARDRONEAPI\DEBUG\VP_STAGES_IO_CONSOLE.OBJ
D:\SOURCE\PARROT\EXAMPLES\WIN32\VCPROJECTS\ARDRONE\ARDRONEAPI\DEBUG\VP_STAGES_IO_FILE.OBJ
D:\SOURCE\PARROT\EXAMPLES\WIN32\VCPROJECTS\ARDRONE\ARDRONEAPI\DEBUG\VP_STAGES_O_SDL.OBJ
D:\SOURCE\PARROT\EXAMPLES\WIN32\VCPROJECTS\ARDRONE\ARDRONEAPI\DEBUG\VP_STAGES_YUV2RGB.OBJ
D:\SOURCE\PARROT\EXAMPLES\WIN32\VCPROJECTS\ARDRONE\DEBUG\ARDRONEAPI.LIB
